app/build/intermediates/manifest_merge_blame_file/debug/manifest-merger-blame-debug-report.txt
1<?xml version="1.0" encoding="utf-8"?>
2<manifest xmlns:android="http://schemas.android.com/apk/res/android"
3    package="com.luteapp.just24hoursplus"
4    android:versionCode="13"
5    android:versionName="1.3.2" >
6
7    <uses-sdk
8        android:minSdkVersion="19"
8-->src\main\AndroidManifest.xml
9        android:targetSdkVersion="30" />
9-->src\main\AndroidManifest.xml
10
11    <uses-permission android:name="android.permission.INTERNET" />
11-->src\main\AndroidManifest.xml:4:5-67
11-->src\main\AndroidManifest.xml:4:22-64
12    <uses-permission android:name="android.permission.ACCESS_NETWORK_STATE" />
12-->src\main\AndroidManifest.xml:5:5-79
12-->src\main\AndroidManifest.xml:5:22-76
13    <uses-permission android:name="com.android.vending.BILLING" />
13-->src\main\AndroidManifest.xml:6:5-67
13-->src\main\AndroidManifest.xml:6:22-64
14
15    <application
15-->src\main\AndroidManifest.xml:7:5-57:19
16        android:allowBackup="true"
16-->src\main\AndroidManifest.xml:8:9-35
17        android:appComponentFactory="androidx.core.app.CoreComponentFactory"
17-->[androidx.core:core:1.0.0] AndroidManifest.xml:22:18-86
18        android:debuggable="true"
19        android:icon="@drawable/app_icon"
19-->src\main\AndroidManifest.xml:9:9-42
20        android:label="@string/app_name"
20-->src\main\AndroidManifest.xml:10:9-41
21        android:testOnly="true"
22        android:theme="@style/AppTheme" >
22-->src\main\AndroidManifest.xml:11:9-40
23        <activity
23-->src\main\AndroidManifest.xml:12:9-17:20
24            android:name="com.luteapp.just24hoursplus.theClockActivity"
24-->src\main\AndroidManifest.xml:13:13-72
25            android:configChanges="orientation|keyboardHidden|screenSize"
25-->src\main\AndroidManifest.xml:14:13-74
26            android:label="@string/app_name"
26-->src\main\AndroidManifest.xml:15:13-45
27            android:theme="@android:style/Theme.Holo.NoActionBar.Fullscreen" >
27-->src\main\AndroidManifest.xml:16:13-77
28        </activity>
29        <activity
29-->src\main\AndroidManifest.xml:18:9-28:20
30            android:name="com.luteapp.just24hoursplus.SplashActivity"
30-->src\main\AndroidManifest.xml:19:13-70
31            android:theme="@style/Theme.AppCompat.Light.NoActionBar" >
31-->src\main\AndroidManifest.xml:20:13-69
32
33            <!-- enable the search widget to send searches to SearchableActivity -->
34            <intent-filter>
34-->src\main\AndroidManifest.xml:24:13-27:29
35                <action android:name="android.intent.action.MAIN" />
35-->src\main\AndroidManifest.xml:25:17-69
35-->src\main\AndroidManifest.xml:25:25-66
36
37                <category android:name="android.intent.category.LAUNCHER" />
37-->src\main\AndroidManifest.xml:26:17-77
37-->src\main\AndroidManifest.xml:26:27-74
38            </intent-filter>
39        </activity>
40        <activity
40-->src\main\AndroidManifest.xml:30:9-32:20
41            android:name="com.luteapp.just24hoursplus.ShopActivity"
41-->src\main\AndroidManifest.xml:30:19-74
42            android:theme="@style/Theme.AppCompat.Light.NoActionBar" >
42-->src\main\AndroidManifest.xml:31:13-69
43        </activity>
44        <activity
44-->src\main\AndroidManifest.xml:33:9-35:20
45            android:name="com.luteapp.just24hoursplus.NotPremiumActivity"
45-->src\main\AndroidManifest.xml:33:19-80
46            android:theme="@style/Theme.AppCompat.Light.NoActionBar" >
46-->src\main\AndroidManifest.xml:34:13-69
47        </activity>
48        <activity android:name="com.luteapp.just24hoursplus.WelcomeActivity" >
48-->src\main\AndroidManifest.xml:36:9-37:20
48-->src\main\AndroidManifest.xml:36:19-77
49        </activity>
50
51        <receiver android:name="com.luteapp.just24hoursplus.just24Widget" >
51-->src\main\AndroidManifest.xml:39:9-47:20
51-->src\main\AndroidManifest.xml:39:19-74
52            <intent-filter>
52-->src\main\AndroidManifest.xml:40:13-42:29
53                <action android:name="android.appwidget.action.APPWIDGET_UPDATE" />
53-->src\main\AndroidManifest.xml:41:17-83
53-->src\main\AndroidManifest.xml:41:25-81
54            </intent-filter>
55
56            <meta-data
56-->src\main\AndroidManifest.xml:44:13-46:61
57                android:name="android.appwidget.provider"
57-->src\main\AndroidManifest.xml:45:17-58
58                android:resource="@xml/just24_widget_info" />
58-->src\main\AndroidManifest.xml:46:17-59
59        </receiver>
60        <receiver android:name="com.luteapp.just24hoursplus.Just24DateWidget" >
60-->src\main\AndroidManifest.xml:48:9-56:20
60-->src\main\AndroidManifest.xml:48:19-78
61            <intent-filter>
61-->src\main\AndroidManifest.xml:40:13-42:29
62                <action android:name="android.appwidget.action.APPWIDGET_UPDATE" />
62-->src\main\AndroidManifest.xml:41:17-83
62-->src\main\AndroidManifest.xml:41:25-81
63            </intent-filter>
64
65            <meta-data
65-->src\main\AndroidManifest.xml:44:13-46:61
66                android:name="android.appwidget.provider"
66-->src\main\AndroidManifest.xml:45:17-58
67                android:resource="@xml/just24_date_widget_info" />
67-->src\main\AndroidManifest.xml:46:17-59
68        </receiver>
69
70        <meta-data
70-->[com.android.billingclient:billing:4.0.0] AndroidManifest.xml:13:9-15:37
71            android:name="com.google.android.play.billingclient.version"
71-->[com.android.billingclient:billing:4.0.0] AndroidManifest.xml:14:13-73
72            android:value="4.0.0" />
72-->[com.android.billingclient:billing:4.0.0] AndroidManifest.xml:15:13-34
73
74        <activity
74-->[com.android.billingclient:billing:4.0.0] AndroidManifest.xml:17:9-21:75
75            android:name="com.android.billingclient.api.ProxyBillingActivity"
75-->[com.android.billingclient:billing:4.0.0] AndroidManifest.xml:18:13-78
76            android:configChanges="keyboard|keyboardHidden|screenLayout|screenSize|orientation"
76-->[com.android.billingclient:billing:4.0.0] AndroidManifest.xml:19:13-96
77            android:exported="false"
77-->[com.android.billingclient:billing:4.0.0] AndroidManifest.xml:20:13-37
78            android:theme="@android:style/Theme.Translucent.NoTitleBar" />
78-->[com.android.billingclient:billing:4.0.0] AndroidManifest.xml:21:13-72
79    </application>
80
81</manifest>